<?xml version="1.0" encoding="UTF-8"?>
<!-- Generated by org.testng.reporters.JUnitReportReporter -->
<testsuite hostname="DESKTOP-R121G7Q" failures="0" tests="1" name="testCase.TC_001_AccountRegistrationTest" time="11.162" errors="0" timestamp="2023-07-28T15:27:47 IST" skipped="0">
  <testcase classname="testCase.TC_001_AccountRegistrationTest" name="test_account_Registration" time="11.162"/>
</testsuite> <!-- testCase.TC_001_AccountRegistrationTest -->
