<?xml version="1.0" encoding="UTF-8"?>
<!-- Generated by org.testng.reporters.JUnitReportReporter -->
<testsuite hostname="DESKTOP-R121G7Q" failures="0" tests="1" name="testCase.TC_002_LoginTest" time="2.021" errors="0" timestamp="2023-07-20T14:16:05 IST" skipped="0">
  <testcase classname="testCase.TC_002_LoginTest" name="test_Login" time="2.021"/>
</testsuite> <!-- testCase.TC_002_LoginTest -->
